[ 2016-07-13T15:42:45+08:00 ] ::1 /shphp046_C/37_object07/demo/index.php/Home/Jcrop/doCrop
INFO: [ app_begin ] --START--
INFO: Run Behavior\ReadHtmlCacheBehavior [ RunTime:0.000000s ]
INFO: [ app_begin ] --END-- [ RunTime:0.001000s ]
INFO: [ app_end ] --START--
INFO: Run Behavior\ShowPageTraceBehavior [ RunTime:0.001000s ]
INFO: [ app_end ] --END-- [ RunTime:0.002000s ]

[ 2016-07-13T15:42:49+08:00 ] ::1 /shphp046_C/37_object07/demo/index.php/Home/Jcrop/doCrop
INFO: [ app_begin ] --START--
INFO: Run Behavior\ReadHtmlCacheBehavior [ RunTime:0.001000s ]
INFO: [ app_begin ] --END-- [ RunTime:0.001000s ]
INFO: [ app_end ] --START--
INFO: Run Behavior\ShowPageTraceBehavior [ RunTime:0.004001s ]
INFO: [ app_end ] --END-- [ RunTime:0.004001s ]

[ 2016-07-13T15:42:52+08:00 ] ::1 /shphp046_C/37_object07/demo/index.php/Home/Jcrop/doCrop
INFO: [ app_begin ] --START--
INFO: Run Behavior\ReadHtmlCacheBehavior [ RunTime:0.001000s ]
INFO: [ app_begin ] --END-- [ RunTime:0.001000s ]
INFO: [ app_end ] --START--
INFO: Run Behavior\ShowPageTraceBehavior [ RunTime:0.001000s ]
INFO: [ app_end ] --END-- [ RunTime:0.001000s ]

[ 2016-07-13T15:43:58+08:00 ] ::1 /shphp046_C/37_object07/demo/index.php/Home/Jcrop/doCrop
INFO: [ app_begin ] --START--
INFO: Run Behavior\ReadHtmlCacheBehavior [ RunTime:0.001000s ]
INFO: [ app_begin ] --END-- [ RunTime:0.001000s ]
INFO: [ app_end ] --START--
INFO: Run Behavior\ShowPageTraceBehavior [ RunTime:0.001000s ]
INFO: [ app_end ] --END-- [ RunTime:0.001000s ]

[ 2016-07-13T15:47:45+08:00 ] ::1 /shphp046_C/37_object07/demo/index.php/Jcrop/index.html
ERR: 无法加载控制器:Jcrop

[ 2016-07-13T15:47:55+08:00 ] ::1 /shphp046_C/37_object07/demo/index.php/Jcrop/
ERR: 无法加载控制器:Jcrop

[ 2016-07-13T15:48:03+08:00 ] ::1 /shphp046_C/37_object07/demo/index.php/Jcrop/index.html
ERR: 无法加载控制器:Jcrop

[ 2016-07-13T15:49:45+08:00 ] ::1 /shphp046_C/37_object07/demo/index.php/Home/Jcrop/upload
ERR: 非法操作:upload

[ 2016-07-13T15:49:58+08:00 ] ::1 /shphp046_C/37_object07/demo/index.php/Home/Jcrop/upload
ERR: 非法操作:upload

[ 2016-07-13T15:50:11+08:00 ] ::1 /shphp046_C/37_object07/demo/index.php/Home/Jcrop/upload
ERR: 非法操作:upload

[ 2016-07-13T15:50:55+08:00 ] ::1 /shphp046_C/37_object07/demo/index.php/Home/Jcrop/upload
ERR: 非法操作:upload

[ 2016-07-13T15:51:02+08:00 ] ::1 /shphp046_C/37_object07/demo/index.php/Home/Jcrop/upload
ERR: 非法操作:upload

[ 2016-07-13T15:51:17+08:00 ] ::1 /shphp046_C/37_object07/demo/index.php/Home/Jcrop/upload
ERR: 非法操作:upload

[ 2016-07-13T16:08:42+08:00 ] ::1 /shphp046_C/37_object07/demo/index.php/Home/Jcrop/doCrop
INFO: [ app_begin ] --START--
INFO: Run Behavior\ReadHtmlCacheBehavior [ RunTime:0.003000s ]
INFO: [ app_begin ] --END-- [ RunTime:0.004000s ]
INFO: [ app_end ] --START--
INFO: Run Behavior\ShowPageTraceBehavior [ RunTime:0.007000s ]
INFO: [ app_end ] --END-- [ RunTime:0.007000s ]

[ 2016-07-13T18:16:29+08:00 ] ::1 /storeshop3/index.php/Home/Jcrop/doCrop
INFO: [ app_begin ] --START--
INFO: Run Behavior\ReadHtmlCacheBehavior [ RunTime:0.000000s ]
INFO: [ app_begin ] --END-- [ RunTime:0.000000s ]
ERR: 不存在的图像文件

[ 2016-07-13T18:16:59+08:00 ] ::1 /storeshop3/index.php/Home/Jcrop/doCrop
INFO: [ app_begin ] --START--
INFO: Run Behavior\ReadHtmlCacheBehavior [ RunTime:0.000000s ]
INFO: [ app_begin ] --END-- [ RunTime:0.000000s ]
INFO: [ app_end ] --START--
INFO: Run Behavior\ShowPageTraceBehavior [ RunTime:0.000000s ]
INFO: [ app_end ] --END-- [ RunTime:0.000000s ]

[ 2016-07-13T18:22:10+08:00 ] ::1 /storeshop3/index.php/Home/Jcrop/doCrop
INFO: [ app_begin ] --START--
INFO: Run Behavior\ReadHtmlCacheBehavior [ RunTime:0.000000s ]
INFO: [ app_begin ] --END-- [ RunTime:0.000000s ]
INFO: [ app_end ] --START--
INFO: Run Behavior\ShowPageTraceBehavior [ RunTime:0.000000s ]
INFO: [ app_end ] --END-- [ RunTime:0.000000s ]

[ 2016-07-13T18:22:13+08:00 ] ::1 /storeshop3/index.php/Home/Jcrop/doCrop
INFO: [ app_begin ] --START--
INFO: Run Behavior\ReadHtmlCacheBehavior [ RunTime:0.015600s ]
INFO: [ app_begin ] --END-- [ RunTime:0.015600s ]
INFO: [ app_end ] --START--
INFO: Run Behavior\ShowPageTraceBehavior [ RunTime:0.000000s ]
INFO: [ app_end ] --END-- [ RunTime:0.000000s ]

[ 2016-07-13T18:23:08+08:00 ] ::1 /storeshop3/index.php/Home/Jcrop/doCrop
INFO: [ app_begin ] --START--
INFO: Run Behavior\ReadHtmlCacheBehavior [ RunTime:0.000000s ]
INFO: [ app_begin ] --END-- [ RunTime:0.000000s ]
INFO: [ app_end ] --START--
INFO: Run Behavior\ShowPageTraceBehavior [ RunTime:0.000000s ]
INFO: [ app_end ] --END-- [ RunTime:0.000000s ]

[ 2016-07-13T18:23:10+08:00 ] ::1 /storeshop3/index.php/Home/Jcrop/doCrop
INFO: [ app_begin ] --START--
INFO: Run Behavior\ReadHtmlCacheBehavior [ RunTime:0.000000s ]
INFO: [ app_begin ] --END-- [ RunTime:0.000000s ]
INFO: [ app_end ] --START--
INFO: Run Behavior\ShowPageTraceBehavior [ RunTime:0.015600s ]
INFO: [ app_end ] --END-- [ RunTime:0.015600s ]

