[ 2016-07-13T15:21:00+08:00 ] ::1 /shphp046_C/37_object07/demo/index.php/Admin/Demo/add?_=1468394460214
INFO: [ app_begin ] --START--
INFO: Run Behavior\ReadHtmlCacheBehavior [ RunTime:0.001000s ]
INFO: [ app_begin ] --END-- [ RunTime:0.002000s ]
INFO: [ view_parse ] --START--
INFO: [ template_filter ] --START--
INFO: Run Behavior\ContentReplaceBehavior [ RunTime:0.000000s ]
INFO: [ template_filter ] --END-- [ RunTime:0.000000s ]
INFO: Run Behavior\ParseTemplateBehavior [ RunTime:0.010001s ]
INFO: [ view_parse ] --END-- [ RunTime:0.010001s ]
INFO: [ view_filter ] --START--
INFO: Run Behavior\WriteHtmlCacheBehavior [ RunTime:0.001000s ]
INFO: [ view_filter ] --END-- [ RunTime:0.001000s ]
INFO: [ app_end ] --START--
INFO: Run Behavior\ShowPageTraceBehavior [ RunTime:0.000000s ]
INFO: [ app_end ] --END-- [ RunTime:0.000000s ]

[ 2016-07-13T15:25:46+08:00 ] ::1 /shphp046_C/37_object07/demo/index.php/Admin/Demo/add?_=1468394746508
INFO: [ app_begin ] --START--
INFO: Run Behavior\ReadHtmlCacheBehavior [ RunTime:0.001000s ]
INFO: [ app_begin ] --END-- [ RunTime:0.001000s ]
INFO: [ view_parse ] --START--
INFO: [ template_filter ] --START--
INFO: Run Behavior\ContentReplaceBehavior [ RunTime:0.000000s ]
INFO: [ template_filter ] --END-- [ RunTime:0.000000s ]
INFO: Run Behavior\ParseTemplateBehavior [ RunTime:0.006001s ]
INFO: [ view_parse ] --END-- [ RunTime:0.006001s ]
INFO: [ view_filter ] --START--
INFO: Run Behavior\WriteHtmlCacheBehavior [ RunTime:0.000000s ]
INFO: [ view_filter ] --END-- [ RunTime:0.000000s ]
INFO: [ app_end ] --START--
INFO: Run Behavior\ShowPageTraceBehavior [ RunTime:0.001000s ]
INFO: [ app_end ] --END-- [ RunTime:0.001000s ]

[ 2016-07-13T15:25:56+08:00 ] ::1 /shphp046_C/37_object07/demo/index.php/Admin/Demo/add?_=1468394756041
INFO: [ app_begin ] --START--
INFO: Run Behavior\ReadHtmlCacheBehavior [ RunTime:0.002000s ]
INFO: [ app_begin ] --END-- [ RunTime:0.002000s ]
INFO: [ view_parse ] --START--
INFO: [ template_filter ] --START--
INFO: Run Behavior\ContentReplaceBehavior [ RunTime:0.000000s ]
INFO: [ template_filter ] --END-- [ RunTime:0.001000s ]
INFO: Run Behavior\ParseTemplateBehavior [ RunTime:0.005001s ]
INFO: [ view_parse ] --END-- [ RunTime:0.005001s ]
INFO: [ view_filter ] --START--
INFO: Run Behavior\WriteHtmlCacheBehavior [ RunTime:0.001000s ]
INFO: [ view_filter ] --END-- [ RunTime:0.001000s ]
INFO: [ app_end ] --START--
INFO: Run Behavior\ShowPageTraceBehavior [ RunTime:0.000000s ]
INFO: [ app_end ] --END-- [ RunTime:0.000000s ]

[ 2016-07-13T15:27:59+08:00 ] ::1 /shphp046_C/37_object07/demo/index.php/Admin/Demo/doUp/navTabId/listnode/callbackType/closeCurrent
INFO: [ app_begin ] --START--
INFO: Run Behavior\ReadHtmlCacheBehavior [ RunTime:0.001000s ]
INFO: [ app_begin ] --END-- [ RunTime:0.002000s ]
NOTIC: [2] call_user_func() expects parameter 1 to be a valid callback, no array or string given C:\xampp\htdocs\shphp046_C\37_object07\demo\ThinkPHP\Library\Think\Upload.class.php 第 170 行.
NOTIC: [8] Undefined index: forwardUrl C:\xampp\htdocs\shphp046_C\37_object07\demo\ThinkPHP\Library\Think\Controller.class.php 第 220 行.

[ 2016-07-13T15:28:20+08:00 ] ::1 /shphp046_C/37_object07/demo/index.php/Admin/Type/add?_=1468394900021
INFO: [ app_begin ] --START--
INFO: Run Behavior\ReadHtmlCacheBehavior [ RunTime:0.001000s ]
INFO: [ app_begin ] --END-- [ RunTime:0.001000s ]
SQL: SHOW COLUMNS FROM `lamp_type` [ RunTime:0.1470s ]
SQL: SELECT * FROM `lamp_type` WHERE ( pid=0 )  [ RunTime:0.1000s ]
INFO: [ view_parse ] --START--
INFO: [ template_filter ] --START--
INFO: Run Behavior\ContentReplaceBehavior [ RunTime:0.000000s ]
INFO: [ template_filter ] --END-- [ RunTime:0.000000s ]
NOTIC: [8] Undefined index: id C:\xampp\htdocs\shphp046_C\37_object07\demo\App\Runtime\Cache\Admin\195699e4ad96f22988ff0dac6f578a5b.php 第 11 行.
NOTIC: [8] Undefined index: id C:\xampp\htdocs\shphp046_C\37_object07\demo\App\Runtime\Cache\Admin\195699e4ad96f22988ff0dac6f578a5b.php 第 11 行.
NOTIC: [8] Undefined index: id C:\xampp\htdocs\shphp046_C\37_object07\demo\App\Runtime\Cache\Admin\195699e4ad96f22988ff0dac6f578a5b.php 第 11 行.
INFO: Run Behavior\ParseTemplateBehavior [ RunTime:0.078008s ]
INFO: [ view_parse ] --END-- [ RunTime:0.078008s ]
INFO: [ view_filter ] --START--
INFO: Run Behavior\WriteHtmlCacheBehavior [ RunTime:0.000000s ]
INFO: [ view_filter ] --END-- [ RunTime:0.000000s ]
INFO: [ app_end ] --START--
INFO: Run Behavior\ShowPageTraceBehavior [ RunTime:0.001000s ]
INFO: [ app_end ] --END-- [ RunTime:0.001000s ]

[ 2016-07-13T15:28:22+08:00 ] ::1 /shphp046_C/37_object07/demo/index.php/Admin/Demo/add?_=1468394902769
INFO: [ app_begin ] --START--
INFO: Run Behavior\ReadHtmlCacheBehavior [ RunTime:0.000000s ]
INFO: [ app_begin ] --END-- [ RunTime:0.001000s ]
INFO: [ view_parse ] --START--
INFO: [ template_filter ] --START--
INFO: Run Behavior\ContentReplaceBehavior [ RunTime:0.000000s ]
INFO: [ template_filter ] --END-- [ RunTime:0.000000s ]
INFO: Run Behavior\ParseTemplateBehavior [ RunTime:0.008001s ]
INFO: [ view_parse ] --END-- [ RunTime:0.008001s ]
INFO: [ view_filter ] --START--
INFO: Run Behavior\WriteHtmlCacheBehavior [ RunTime:0.001000s ]
INFO: [ view_filter ] --END-- [ RunTime:0.001000s ]
INFO: [ app_end ] --START--
INFO: Run Behavior\ShowPageTraceBehavior [ RunTime:0.000000s ]
INFO: [ app_end ] --END-- [ RunTime:0.000000s ]

[ 2016-07-13T15:28:27+08:00 ] ::1 /shphp046_C/37_object07/demo/index.php/Admin/Demo/doUp/navTabId/listnode/callbackType/closeCurrent
INFO: [ app_begin ] --START--
INFO: Run Behavior\ReadHtmlCacheBehavior [ RunTime:0.001000s ]
INFO: [ app_begin ] --END-- [ RunTime:0.001000s ]
NOTIC: [2] call_user_func() expects parameter 1 to be a valid callback, no array or string given C:\xampp\htdocs\shphp046_C\37_object07\demo\ThinkPHP\Library\Think\Upload.class.php 第 170 行.
NOTIC: [8] Undefined index: forwardUrl C:\xampp\htdocs\shphp046_C\37_object07\demo\ThinkPHP\Library\Think\Controller.class.php 第 220 行.

[ 2016-07-13T15:31:19+08:00 ] ::1 /shphp046_C/37_object07/demo/index.php/Admin/Demo/add?_=1468395079539
INFO: [ app_begin ] --START--
INFO: Run Behavior\ReadHtmlCacheBehavior [ RunTime:0.001000s ]
INFO: [ app_begin ] --END-- [ RunTime:0.001000s ]
INFO: [ view_parse ] --START--
INFO: [ template_filter ] --START--
INFO: Run Behavior\ContentReplaceBehavior [ RunTime:0.000000s ]
INFO: [ template_filter ] --END-- [ RunTime:0.000000s ]
INFO: Run Behavior\ParseTemplateBehavior [ RunTime:0.009001s ]
INFO: [ view_parse ] --END-- [ RunTime:0.009001s ]
INFO: [ view_filter ] --START--
INFO: Run Behavior\WriteHtmlCacheBehavior [ RunTime:0.001000s ]
INFO: [ view_filter ] --END-- [ RunTime:0.001000s ]
INFO: [ app_end ] --START--
INFO: Run Behavior\ShowPageTraceBehavior [ RunTime:0.001000s ]
INFO: [ app_end ] --END-- [ RunTime:0.001000s ]

[ 2016-07-13T15:31:26+08:00 ] ::1 /shphp046_C/37_object07/demo/index.php/Admin/Node/index?_=1468395085664
INFO: [ app_begin ] --START--
INFO: Run Behavior\ReadHtmlCacheBehavior [ RunTime:0.001001s ]
INFO: [ app_begin ] --END-- [ RunTime:0.002001s ]
SQL: SHOW COLUMNS FROM `lamp_node` [ RunTime:0.0270s ]
SQL: SHOW COLUMNS FROM `lamp_node` [ RunTime:0.0080s ]
SQL: SELECT COUNT(*) AS tp_count FROM `lamp_node` LIMIT 1   [ RunTime:0.0430s ]
SQL: SELECT * FROM `lamp_node` ORDER BY id desc LIMIT 0,10   [ RunTime:0.0680s ]
NOTIC: [8] Undefined variable: search C:\xampp\htdocs\shphp046_C\37_object07\demo\App\Admin\Controller\CommonController.class.php 第 259 行.
NOTIC: [8] Undefined index: values C:\xampp\htdocs\shphp046_C\37_object07\demo\App\Admin\Controller\CommonController.class.php 第 260 行.
INFO: [ view_parse ] --START--
INFO: [ template_filter ] --START--
INFO: Run Behavior\ContentReplaceBehavior [ RunTime:0.000000s ]
INFO: [ template_filter ] --END-- [ RunTime:0.000000s ]
NOTIC: [8] Undefined index: _order C:\xampp\htdocs\shphp046_C\37_object07\demo\App\Runtime\Cache\Admin\f5d9020a722c182cb3cb2a19ed19b4d3.php 第 4 行.
NOTIC: [8] Undefined index: _sort C:\xampp\htdocs\shphp046_C\37_object07\demo\App\Runtime\Cache\Admin\f5d9020a722c182cb3cb2a19ed19b4d3.php 第 5 行.
NOTIC: [8] Undefined index: keyword C:\xampp\htdocs\shphp046_C\37_object07\demo\App\Runtime\Cache\Admin\f5d9020a722c182cb3cb2a19ed19b4d3.php 第 14 行.
NOTIC: [8] Use of undefined constant status - assumed 'status' C:\xampp\htdocs\shphp046_C\37_object07\demo\App\Runtime\Cache\Admin\f5d9020a722c182cb3cb2a19ed19b4d3.php 第 51 行.
NOTIC: [8] Array to string conversion C:\xampp\htdocs\shphp046_C\37_object07\demo\App\Runtime\Cache\Admin\f5d9020a722c182cb3cb2a19ed19b4d3.php 第 51 行.
NOTIC: [8] Use of undefined constant status - assumed 'status' C:\xampp\htdocs\shphp046_C\37_object07\demo\App\Runtime\Cache\Admin\f5d9020a722c182cb3cb2a19ed19b4d3.php 第 51 行.
NOTIC: [8] Array to string conversion C:\xampp\htdocs\shphp046_C\37_object07\demo\App\Runtime\Cache\Admin\f5d9020a722c182cb3cb2a19ed19b4d3.php 第 51 行.
NOTIC: [8] Use of undefined constant status - assumed 'status' C:\xampp\htdocs\shphp046_C\37_object07\demo\App\Runtime\Cache\Admin\f5d9020a722c182cb3cb2a19ed19b4d3.php 第 51 行.
NOTIC: [8] Array to string conversion C:\xampp\htdocs\shphp046_C\37_object07\demo\App\Runtime\Cache\Admin\f5d9020a722c182cb3cb2a19ed19b4d3.php 第 51 行.
NOTIC: [8] Use of undefined constant status - assumed 'status' C:\xampp\htdocs\shphp046_C\37_object07\demo\App\Runtime\Cache\Admin\f5d9020a722c182cb3cb2a19ed19b4d3.php 第 51 行.
NOTIC: [8] Array to string conversion C:\xampp\htdocs\shphp046_C\37_object07\demo\App\Runtime\Cache\Admin\f5d9020a722c182cb3cb2a19ed19b4d3.php 第 51 行.
NOTIC: [8] Use of undefined constant status - assumed 'status' C:\xampp\htdocs\shphp046_C\37_object07\demo\App\Runtime\Cache\Admin\f5d9020a722c182cb3cb2a19ed19b4d3.php 第 51 行.
NOTIC: [8] Array to string conversion C:\xampp\htdocs\shphp046_C\37_object07\demo\App\Runtime\Cache\Admin\f5d9020a722c182cb3cb2a19ed19b4d3.php 第 51 行.
NOTIC: [8] Use of undefined constant status - assumed 'status' C:\xampp\htdocs\shphp046_C\37_object07\demo\App\Runtime\Cache\Admin\f5d9020a722c182cb3cb2a19ed19b4d3.php 第 51 行.
NOTIC: [8] Array to string conversion C:\xampp\htdocs\shphp046_C\37_object07\demo\App\Runtime\Cache\Admin\f5d9020a722c182cb3cb2a19ed19b4d3.php 第 51 行.
NOTIC: [8] Use of undefined constant status - assumed 'status' C:\xampp\htdocs\shphp046_C\37_object07\demo\App\Runtime\Cache\Admin\f5d9020a722c182cb3cb2a19ed19b4d3.php 第 51 行.
NOTIC: [8] Array to string conversion C:\xampp\htdocs\shphp046_C\37_object07\demo\App\Runtime\Cache\Admin\f5d9020a722c182cb3cb2a19ed19b4d3.php 第 51 行.
NOTIC: [8] Use of undefined constant status - assumed 'status' C:\xampp\htdocs\shphp046_C\37_object07\demo\App\Runtime\Cache\Admin\f5d9020a722c182cb3cb2a19ed19b4d3.php 第 51 行.
NOTIC: [8] Array to string conversion C:\xampp\htdocs\shphp046_C\37_object07\demo\App\Runtime\Cache\Admin\f5d9020a722c182cb3cb2a19ed19b4d3.php 第 51 行.
NOTIC: [8] Use of undefined constant status - assumed 'status' C:\xampp\htdocs\shphp046_C\37_object07\demo\App\Runtime\Cache\Admin\f5d9020a722c182cb3cb2a19ed19b4d3.php 第 51 行.
NOTIC: [8] Array to string conversion C:\xampp\htdocs\shphp046_C\37_object07\demo\App\Runtime\Cache\Admin\f5d9020a722c182cb3cb2a19ed19b4d3.php 第 51 行.
NOTIC: [8] Use of undefined constant status - assumed 'status' C:\xampp\htdocs\shphp046_C\37_object07\demo\App\Runtime\Cache\Admin\f5d9020a722c182cb3cb2a19ed19b4d3.php 第 51 行.
NOTIC: [8] Array to string conversion C:\xampp\htdocs\shphp046_C\37_object07\demo\App\Runtime\Cache\Admin\f5d9020a722c182cb3cb2a19ed19b4d3.php 第 51 行.
INFO: Run Behavior\ParseTemplateBehavior [ RunTime:0.020002s ]
INFO: [ view_parse ] --END-- [ RunTime:0.020002s ]
INFO: [ view_filter ] --START--
INFO: Run Behavior\WriteHtmlCacheBehavior [ RunTime:0.001000s ]
INFO: [ view_filter ] --END-- [ RunTime:0.001000s ]
INFO: [ app_end ] --START--
INFO: Run Behavior\ShowPageTraceBehavior [ RunTime:0.001000s ]
INFO: [ app_end ] --END-- [ RunTime:0.001000s ]

[ 2016-07-13T15:31:31+08:00 ] ::1 /shphp046_C/37_object07/demo/index.php/Admin/Demo/add?_=1468395090918
INFO: [ app_begin ] --START--
INFO: Run Behavior\ReadHtmlCacheBehavior [ RunTime:0.001000s ]
INFO: [ app_begin ] --END-- [ RunTime:0.001000s ]
INFO: [ view_parse ] --START--
INFO: [ template_filter ] --START--
INFO: Run Behavior\ContentReplaceBehavior [ RunTime:0.000000s ]
INFO: [ template_filter ] --END-- [ RunTime:0.001000s ]
INFO: Run Behavior\ParseTemplateBehavior [ RunTime:0.004000s ]
INFO: [ view_parse ] --END-- [ RunTime:0.004000s ]
INFO: [ view_filter ] --START--
INFO: Run Behavior\WriteHtmlCacheBehavior [ RunTime:0.001000s ]
INFO: [ view_filter ] --END-- [ RunTime:0.001000s ]
INFO: [ app_end ] --START--
INFO: Run Behavior\ShowPageTraceBehavior [ RunTime:0.001000s ]
INFO: [ app_end ] --END-- [ RunTime:0.001000s ]

[ 2016-07-13T15:31:47+08:00 ] ::1 /shphp046_C/37_object07/demo/index.php/Admin/Demo/add?_=1468395107455
INFO: [ app_begin ] --START--
INFO: Run Behavior\ReadHtmlCacheBehavior [ RunTime:0.000000s ]
INFO: [ app_begin ] --END-- [ RunTime:0.001000s ]
INFO: [ view_parse ] --START--
INFO: [ template_filter ] --START--
INFO: Run Behavior\ContentReplaceBehavior [ RunTime:0.000000s ]
INFO: [ template_filter ] --END-- [ RunTime:0.000000s ]
INFO: Run Behavior\ParseTemplateBehavior [ RunTime:0.005001s ]
INFO: [ view_parse ] --END-- [ RunTime:0.005001s ]
INFO: [ view_filter ] --START--
INFO: Run Behavior\WriteHtmlCacheBehavior [ RunTime:0.000000s ]
INFO: [ view_filter ] --END-- [ RunTime:0.000000s ]
INFO: [ app_end ] --START--
INFO: Run Behavior\ShowPageTraceBehavior [ RunTime:0.001000s ]
INFO: [ app_end ] --END-- [ RunTime:0.001000s ]

[ 2016-07-13T15:33:24+08:00 ] ::1 /shphp046_C/37_object07/demo/index.php/Admin/Demo/add?_=1468395204722
INFO: [ app_begin ] --START--
INFO: Run Behavior\ReadHtmlCacheBehavior [ RunTime:0.001001s ]
INFO: [ app_begin ] --END-- [ RunTime:0.001001s ]
INFO: [ view_parse ] --START--
INFO: [ template_filter ] --START--
INFO: Run Behavior\ContentReplaceBehavior [ RunTime:0.000000s ]
INFO: [ template_filter ] --END-- [ RunTime:0.000000s ]
INFO: Run Behavior\ParseTemplateBehavior [ RunTime:0.005000s ]
INFO: [ view_parse ] --END-- [ RunTime:0.006000s ]
INFO: [ view_filter ] --START--
INFO: Run Behavior\WriteHtmlCacheBehavior [ RunTime:0.000000s ]
INFO: [ view_filter ] --END-- [ RunTime:0.000000s ]
INFO: [ app_end ] --START--
INFO: Run Behavior\ShowPageTraceBehavior [ RunTime:0.001000s ]
INFO: [ app_end ] --END-- [ RunTime:0.001000s ]

[ 2016-07-13T15:33:37+08:00 ] ::1 /shphp046_C/37_object07/demo/index.php/Admin/Demo/add?_=1468395217840
INFO: [ app_begin ] --START--
INFO: Run Behavior\ReadHtmlCacheBehavior [ RunTime:0.001000s ]
INFO: [ app_begin ] --END-- [ RunTime:0.002000s ]
INFO: [ view_parse ] --START--
INFO: [ template_filter ] --START--
INFO: Run Behavior\ContentReplaceBehavior [ RunTime:0.000000s ]
INFO: [ template_filter ] --END-- [ RunTime:0.000000s ]
INFO: Run Behavior\ParseTemplateBehavior [ RunTime:0.005000s ]
INFO: [ view_parse ] --END-- [ RunTime:0.005000s ]
INFO: [ view_filter ] --START--
INFO: Run Behavior\WriteHtmlCacheBehavior [ RunTime:0.001000s ]
INFO: [ view_filter ] --END-- [ RunTime:0.001000s ]
INFO: [ app_end ] --START--
INFO: Run Behavior\ShowPageTraceBehavior [ RunTime:0.004001s ]
INFO: [ app_end ] --END-- [ RunTime:0.004001s ]

[ 2016-07-13T15:37:27+08:00 ] ::1 /shphp046_C/37_object07/demo/index.php/Admin/Demo/doUp/navTabId/listnode/callbackType/closeCurrent
INFO: [ app_begin ] --START--
INFO: Run Behavior\ReadHtmlCacheBehavior [ RunTime:0.001000s ]
INFO: [ app_begin ] --END-- [ RunTime:0.001000s ]
NOTIC: [8] Undefined index: forwardUrl C:\xampp\htdocs\shphp046_C\37_object07\demo\ThinkPHP\Library\Think\Controller.class.php 第 220 行.

[ 2016-07-13T19:14:08+08:00 ] ::1 /storeshop3/index.php/Admin/User/index?_=1468408447864
INFO: [ app_begin ] --START--
INFO: Run Behavior\ReadHtmlCacheBehavior [ RunTime:0.000000s ]
INFO: [ app_begin ] --END-- [ RunTime:0.001000s ]
SQL: SHOW COLUMNS FROM `lamp_user` [ RunTime:0.0010s ]
SQL: SHOW COLUMNS FROM `lamp_user` [ RunTime:0.0010s ]
SQL: SELECT COUNT(*) AS tp_count FROM `lamp_user` LIMIT 1   [ RunTime:0.0380s ]
SQL: SELECT * FROM `lamp_user` ORDER BY id desc LIMIT 0,10   [ RunTime:0.0120s ]
SQL: select r.name from lamp_user_role ur,lamp_role r where ur.rid=r.id and ur.uid=33 [ RunTime:0.0580s ]
SQL: select r.name from lamp_user_role ur,lamp_role r where ur.rid=r.id and ur.uid=32 [ RunTime:0.0010s ]
SQL: select r.name from lamp_user_role ur,lamp_role r where ur.rid=r.id and ur.uid=31 [ RunTime:0.0000s ]
SQL: select r.name from lamp_user_role ur,lamp_role r where ur.rid=r.id and ur.uid=30 [ RunTime:0.0010s ]
SQL: select r.name from lamp_user_role ur,lamp_role r where ur.rid=r.id and ur.uid=29 [ RunTime:0.0000s ]
SQL: select r.name from lamp_user_role ur,lamp_role r where ur.rid=r.id and ur.uid=28 [ RunTime:0.0010s ]
SQL: select r.name from lamp_user_role ur,lamp_role r where ur.rid=r.id and ur.uid=26 [ RunTime:0.0000s ]
SQL: select r.name from lamp_user_role ur,lamp_role r where ur.rid=r.id and ur.uid=25 [ RunTime:0.0000s ]
SQL: select r.name from lamp_user_role ur,lamp_role r where ur.rid=r.id and ur.uid=24 [ RunTime:0.0000s ]
SQL: select r.name from lamp_user_role ur,lamp_role r where ur.rid=r.id and ur.uid=22 [ RunTime:0.0000s ]
SQL: SHOW COLUMNS FROM `lamp_role` [ RunTime:0.0010s ]
SQL: SELECT `id`,`name` FROM `lamp_role`  [ RunTime:0.0010s ]
NOTIC: [8] Undefined variable: search C:\wamp\www\storeshop3\App\Admin\Controller\CommonController.class.php 第 259 行.
NOTIC: [8] Undefined index: values C:\wamp\www\storeshop3\App\Admin\Controller\CommonController.class.php 第 260 行.
INFO: [ view_parse ] --START--
INFO: [ template_filter ] --START--
INFO: Run Behavior\ContentReplaceBehavior [ RunTime:0.000000s ]
INFO: [ template_filter ] --END-- [ RunTime:0.001000s ]
NOTIC: [8] Undefined index: _order C:\wamp\www\storeshop3\App\Runtime\Cache\Admin\4295d5db477f3199c8db51638416159f.php 第 4 行.
NOTIC: [8] Undefined index: _sort C:\wamp\www\storeshop3\App\Runtime\Cache\Admin\4295d5db477f3199c8db51638416159f.php 第 5 行.
NOTIC: [8] Undefined index: keyword C:\wamp\www\storeshop3\App\Runtime\Cache\Admin\4295d5db477f3199c8db51638416159f.php 第 14 行.
INFO: Run Behavior\ParseTemplateBehavior [ RunTime:0.127007s ]
INFO: [ view_parse ] --END-- [ RunTime:0.128007s ]
INFO: [ view_filter ] --START--
INFO: Run Behavior\WriteHtmlCacheBehavior [ RunTime:0.000000s ]
INFO: [ view_filter ] --END-- [ RunTime:0.000000s ]
INFO: [ app_end ] --START--
INFO: Run Behavior\ShowPageTraceBehavior [ RunTime:0.004000s ]
INFO: [ app_end ] --END-- [ RunTime:0.004000s ]

[ 2016-07-13T19:14:12+08:00 ] ::1 /storeshop3/index.php/Admin/User/rolelist/uid/33?_=1468408451880
INFO: [ app_begin ] --START--
INFO: Run Behavior\ReadHtmlCacheBehavior [ RunTime:0.000000s ]
INFO: [ app_begin ] --END-- [ RunTime:0.002000s ]
SQL: SHOW COLUMNS FROM `lamp_user` [ RunTime:0.0180s ]
SQL: SELECT * FROM `lamp_user` WHERE `id` = 33 LIMIT 1   [ RunTime:0.0020s ]
SQL: SHOW COLUMNS FROM `lamp_role` [ RunTime:0.0010s ]
SQL: SELECT * FROM `lamp_role`  [ RunTime:0.0000s ]
SQL: SHOW COLUMNS FROM `lamp_user_role` [ RunTime:0.0010s ]
SQL: SELECT * FROM `lamp_user_role` WHERE ( uid=33 )  [ RunTime:0.0010s ]
INFO: [ view_parse ] --START--
INFO: [ template_filter ] --START--
INFO: Run Behavior\ContentReplaceBehavior [ RunTime:0.001000s ]
INFO: [ template_filter ] --END-- [ RunTime:0.001000s ]
INFO: Run Behavior\ParseTemplateBehavior [ RunTime:0.028002s ]
INFO: [ view_parse ] --END-- [ RunTime:0.029002s ]
INFO: [ view_filter ] --START--
INFO: Run Behavior\WriteHtmlCacheBehavior [ RunTime:0.001000s ]
INFO: [ view_filter ] --END-- [ RunTime:0.001000s ]
INFO: [ app_end ] --START--
INFO: Run Behavior\ShowPageTraceBehavior [ RunTime:0.001000s ]
INFO: [ app_end ] --END-- [ RunTime:0.001000s ]

[ 2016-07-13T19:14:23+08:00 ] ::1 /storeshop3/index.php/Admin/User/add?_=1468408463024
INFO: [ app_begin ] --START--
INFO: Run Behavior\ReadHtmlCacheBehavior [ RunTime:0.000000s ]
INFO: [ app_begin ] --END-- [ RunTime:0.000000s ]
INFO: [ view_parse ] --START--
INFO: [ template_filter ] --START--
INFO: Run Behavior\ContentReplaceBehavior [ RunTime:0.000000s ]
INFO: [ template_filter ] --END-- [ RunTime:0.000000s ]
INFO: Run Behavior\ParseTemplateBehavior [ RunTime:0.093600s ]
INFO: [ view_parse ] --END-- [ RunTime:0.093600s ]
INFO: [ view_filter ] --START--
INFO: Run Behavior\WriteHtmlCacheBehavior [ RunTime:0.000000s ]
INFO: [ view_filter ] --END-- [ RunTime:0.000000s ]
INFO: [ app_end ] --START--
INFO: Run Behavior\ShowPageTraceBehavior [ RunTime:0.000000s ]
INFO: [ app_end ] --END-- [ RunTime:0.000000s ]

[ 2016-07-13T19:14:35+08:00 ] ::1 /storeshop3/index.php/Admin/Role/index?_=1468408475289
INFO: [ app_begin ] --START--
INFO: Run Behavior\ReadHtmlCacheBehavior [ RunTime:0.000000s ]
INFO: [ app_begin ] --END-- [ RunTime:0.000000s ]
SQL: SHOW COLUMNS FROM `lamp_role` [ RunTime:0.0000s ]
SQL: SHOW COLUMNS FROM `lamp_role` [ RunTime:0.0000s ]
SQL: SELECT COUNT(*) AS tp_count FROM `lamp_role` LIMIT 1   [ RunTime:0.0156s ]
SQL: SELECT * FROM `lamp_role` ORDER BY id desc LIMIT 0,10   [ RunTime:0.0000s ]
NOTIC: [8] Undefined variable: search C:\wamp\www\storeshop3\App\Admin\Controller\CommonController.class.php 第 259 行.
NOTIC: [8] Undefined index: values C:\wamp\www\storeshop3\App\Admin\Controller\CommonController.class.php 第 260 行.
INFO: [ view_parse ] --START--
INFO: [ template_filter ] --START--
INFO: Run Behavior\ContentReplaceBehavior [ RunTime:0.000000s ]
INFO: [ template_filter ] --END-- [ RunTime:0.000000s ]
NOTIC: [8] Undefined index: _order C:\wamp\www\storeshop3\App\Runtime\Cache\Admin\a0a7524eab22c3693baad75fbdbe707e.php 第 4 行.
NOTIC: [8] Undefined index: _sort C:\wamp\www\storeshop3\App\Runtime\Cache\Admin\a0a7524eab22c3693baad75fbdbe707e.php 第 5 行.
NOTIC: [8] Undefined index: keyword C:\wamp\www\storeshop3\App\Runtime\Cache\Admin\a0a7524eab22c3693baad75fbdbe707e.php 第 14 行.
INFO: Run Behavior\ParseTemplateBehavior [ RunTime:0.031200s ]
INFO: [ view_parse ] --END-- [ RunTime:0.031200s ]
INFO: [ view_filter ] --START--
INFO: Run Behavior\WriteHtmlCacheBehavior [ RunTime:0.000000s ]
INFO: [ view_filter ] --END-- [ RunTime:0.000000s ]
INFO: [ app_end ] --START--
INFO: Run Behavior\ShowPageTraceBehavior [ RunTime:0.000000s ]
INFO: [ app_end ] --END-- [ RunTime:0.000000s ]

[ 2016-07-13T19:14:39+08:00 ] ::1 /storeshop3/index.php/Admin/Role/nodelist/rid/9?_=1468408479473
INFO: [ app_begin ] --START--
INFO: Run Behavior\ReadHtmlCacheBehavior [ RunTime:0.000000s ]
INFO: [ app_begin ] --END-- [ RunTime:0.000000s ]
SQL: SHOW COLUMNS FROM `lamp_role` [ RunTime:0.0000s ]
SQL: SELECT * FROM `lamp_role` WHERE `id` = 9 LIMIT 1   [ RunTime:0.0000s ]
SQL: SHOW COLUMNS FROM `lamp_node` [ RunTime:0.0000s ]
SQL: SELECT * FROM `lamp_node`  [ RunTime:0.0000s ]
SQL: SHOW COLUMNS FROM `lamp_role_node` [ RunTime:0.0000s ]
SQL: SELECT * FROM `lamp_role_node` WHERE ( rid=9 )  [ RunTime:0.0000s ]
INFO: [ view_parse ] --START--
INFO: [ template_filter ] --START--
INFO: Run Behavior\ContentReplaceBehavior [ RunTime:0.000000s ]
INFO: [ template_filter ] --END-- [ RunTime:0.000000s ]
INFO: Run Behavior\ParseTemplateBehavior [ RunTime:0.093600s ]
INFO: [ view_parse ] --END-- [ RunTime:0.093600s ]
INFO: [ view_filter ] --START--
INFO: Run Behavior\WriteHtmlCacheBehavior [ RunTime:0.000000s ]
INFO: [ view_filter ] --END-- [ RunTime:0.000000s ]
INFO: [ app_end ] --START--
INFO: Run Behavior\ShowPageTraceBehavior [ RunTime:0.000000s ]
INFO: [ app_end ] --END-- [ RunTime:0.000000s ]

[ 2016-07-13T19:14:56+08:00 ] ::1 /storeshop3/index.php/Admin/Role/nodelist/rid/7?_=1468408496027
INFO: [ app_begin ] --START--
INFO: Run Behavior\ReadHtmlCacheBehavior [ RunTime:0.000000s ]
INFO: [ app_begin ] --END-- [ RunTime:0.000000s ]
SQL: SHOW COLUMNS FROM `lamp_role` [ RunTime:0.0000s ]
SQL: SELECT * FROM `lamp_role` WHERE `id` = 7 LIMIT 1   [ RunTime:0.0000s ]
SQL: SHOW COLUMNS FROM `lamp_node` [ RunTime:0.0000s ]
SQL: SELECT * FROM `lamp_node`  [ RunTime:0.0000s ]
SQL: SHOW COLUMNS FROM `lamp_role_node` [ RunTime:0.0000s ]
SQL: SELECT * FROM `lamp_role_node` WHERE ( rid=7 )  [ RunTime:0.0000s ]
INFO: [ view_parse ] --START--
INFO: [ template_filter ] --START--
INFO: Run Behavior\ContentReplaceBehavior [ RunTime:0.000000s ]
INFO: [ template_filter ] --END-- [ RunTime:0.000000s ]
INFO: Run Behavior\ParseTemplateBehavior [ RunTime:0.015600s ]
INFO: [ view_parse ] --END-- [ RunTime:0.015600s ]
INFO: [ view_filter ] --START--
INFO: Run Behavior\WriteHtmlCacheBehavior [ RunTime:0.000000s ]
INFO: [ view_filter ] --END-- [ RunTime:0.000000s ]
INFO: [ app_end ] --START--
INFO: Run Behavior\ShowPageTraceBehavior [ RunTime:0.000000s ]
INFO: [ app_end ] --END-- [ RunTime:0.000000s ]

[ 2016-07-13T19:15:02+08:00 ] ::1 /storeshop3/index.php/Admin/Node/index?_=1468408501951
INFO: [ app_begin ] --START--
INFO: Run Behavior\ReadHtmlCacheBehavior [ RunTime:0.000000s ]
INFO: [ app_begin ] --END-- [ RunTime:0.000000s ]
SQL: SHOW COLUMNS FROM `lamp_node` [ RunTime:0.0000s ]
SQL: SHOW COLUMNS FROM `lamp_node` [ RunTime:0.0000s ]
SQL: SELECT COUNT(*) AS tp_count FROM `lamp_node` LIMIT 1   [ RunTime:0.0000s ]
SQL: SELECT * FROM `lamp_node` ORDER BY id desc LIMIT 0,10   [ RunTime:0.0156s ]
NOTIC: [8] Undefined variable: search C:\wamp\www\storeshop3\App\Admin\Controller\CommonController.class.php 第 259 行.
NOTIC: [8] Undefined index: values C:\wamp\www\storeshop3\App\Admin\Controller\CommonController.class.php 第 260 行.
INFO: [ view_parse ] --START--
INFO: [ template_filter ] --START--
INFO: Run Behavior\ContentReplaceBehavior [ RunTime:0.000000s ]
INFO: [ template_filter ] --END-- [ RunTime:0.000000s ]
NOTIC: [8] Undefined index: _order C:\wamp\www\storeshop3\App\Runtime\Cache\Admin\f5d9020a722c182cb3cb2a19ed19b4d3.php 第 4 行.
NOTIC: [8] Undefined index: _sort C:\wamp\www\storeshop3\App\Runtime\Cache\Admin\f5d9020a722c182cb3cb2a19ed19b4d3.php 第 5 行.
NOTIC: [8] Undefined index: keyword C:\wamp\www\storeshop3\App\Runtime\Cache\Admin\f5d9020a722c182cb3cb2a19ed19b4d3.php 第 14 行.
NOTIC: [8] Use of undefined constant status - assumed 'status' C:\wamp\www\storeshop3\App\Runtime\Cache\Admin\f5d9020a722c182cb3cb2a19ed19b4d3.php 第 51 行.
NOTIC: [8] Array to string conversion C:\wamp\www\storeshop3\App\Runtime\Cache\Admin\f5d9020a722c182cb3cb2a19ed19b4d3.php 第 51 行.
NOTIC: [8] Use of undefined constant status - assumed 'status' C:\wamp\www\storeshop3\App\Runtime\Cache\Admin\f5d9020a722c182cb3cb2a19ed19b4d3.php 第 51 行.
NOTIC: [8] Array to string conversion C:\wamp\www\storeshop3\App\Runtime\Cache\Admin\f5d9020a722c182cb3cb2a19ed19b4d3.php 第 51 行.
NOTIC: [8] Use of undefined constant status - assumed 'status' C:\wamp\www\storeshop3\App\Runtime\Cache\Admin\f5d9020a722c182cb3cb2a19ed19b4d3.php 第 51 行.
NOTIC: [8] Array to string conversion C:\wamp\www\storeshop3\App\Runtime\Cache\Admin\f5d9020a722c182cb3cb2a19ed19b4d3.php 第 51 行.
NOTIC: [8] Use of undefined constant status - assumed 'status' C:\wamp\www\storeshop3\App\Runtime\Cache\Admin\f5d9020a722c182cb3cb2a19ed19b4d3.php 第 51 行.
NOTIC: [8] Array to string conversion C:\wamp\www\storeshop3\App\Runtime\Cache\Admin\f5d9020a722c182cb3cb2a19ed19b4d3.php 第 51 行.
NOTIC: [8] Use of undefined constant status - assumed 'status' C:\wamp\www\storeshop3\App\Runtime\Cache\Admin\f5d9020a722c182cb3cb2a19ed19b4d3.php 第 51 行.
NOTIC: [8] Array to string conversion C:\wamp\www\storeshop3\App\Runtime\Cache\Admin\f5d9020a722c182cb3cb2a19ed19b4d3.php 第 51 行.
NOTIC: [8] Use of undefined constant status - assumed 'status' C:\wamp\www\storeshop3\App\Runtime\Cache\Admin\f5d9020a722c182cb3cb2a19ed19b4d3.php 第 51 行.
NOTIC: [8] Array to string conversion C:\wamp\www\storeshop3\App\Runtime\Cache\Admin\f5d9020a722c182cb3cb2a19ed19b4d3.php 第 51 行.
NOTIC: [8] Use of undefined constant status - assumed 'status' C:\wamp\www\storeshop3\App\Runtime\Cache\Admin\f5d9020a722c182cb3cb2a19ed19b4d3.php 第 51 行.
NOTIC: [8] Array to string conversion C:\wamp\www\storeshop3\App\Runtime\Cache\Admin\f5d9020a722c182cb3cb2a19ed19b4d3.php 第 51 行.
NOTIC: [8] Use of undefined constant status - assumed 'status' C:\wamp\www\storeshop3\App\Runtime\Cache\Admin\f5d9020a722c182cb3cb2a19ed19b4d3.php 第 51 行.
NOTIC: [8] Array to string conversion C:\wamp\www\storeshop3\App\Runtime\Cache\Admin\f5d9020a722c182cb3cb2a19ed19b4d3.php 第 51 行.
NOTIC: [8] Use of undefined constant status - assumed 'status' C:\wamp\www\storeshop3\App\Runtime\Cache\Admin\f5d9020a722c182cb3cb2a19ed19b4d3.php 第 51 行.
NOTIC: [8] Array to string conversion C:\wamp\www\storeshop3\App\Runtime\Cache\Admin\f5d9020a722c182cb3cb2a19ed19b4d3.php 第 51 行.
NOTIC: [8] Use of undefined constant status - assumed 'status' C:\wamp\www\storeshop3\App\Runtime\Cache\Admin\f5d9020a722c182cb3cb2a19ed19b4d3.php 第 51 行.
NOTIC: [8] Array to string conversion C:\wamp\www\storeshop3\App\Runtime\Cache\Admin\f5d9020a722c182cb3cb2a19ed19b4d3.php 第 51 行.
INFO: Run Behavior\ParseTemplateBehavior [ RunTime:0.062400s ]
INFO: [ view_parse ] --END-- [ RunTime:0.062400s ]
INFO: [ view_filter ] --START--
INFO: Run Behavior\WriteHtmlCacheBehavior [ RunTime:0.000000s ]
INFO: [ view_filter ] --END-- [ RunTime:0.000000s ]
INFO: [ app_end ] --START--
INFO: Run Behavior\ShowPageTraceBehavior [ RunTime:0.000000s ]
INFO: [ app_end ] --END-- [ RunTime:0.000000s ]

[ 2016-07-13T19:15:10+08:00 ] ::1 /storeshop3/index.php/Admin/Node/add?_=1468408510416
INFO: [ app_begin ] --START--
INFO: Run Behavior\ReadHtmlCacheBehavior [ RunTime:0.000000s ]
INFO: [ app_begin ] --END-- [ RunTime:0.000000s ]
INFO: [ view_parse ] --START--
INFO: [ template_filter ] --START--
INFO: Run Behavior\ContentReplaceBehavior [ RunTime:0.000000s ]
INFO: [ template_filter ] --END-- [ RunTime:0.000000s ]
INFO: Run Behavior\ParseTemplateBehavior [ RunTime:0.031200s ]
INFO: [ view_parse ] --END-- [ RunTime:0.031200s ]
INFO: [ view_filter ] --START--
INFO: Run Behavior\WriteHtmlCacheBehavior [ RunTime:0.000000s ]
INFO: [ view_filter ] --END-- [ RunTime:0.000000s ]
INFO: [ app_end ] --START--
INFO: Run Behavior\ShowPageTraceBehavior [ RunTime:0.000000s ]
INFO: [ app_end ] --END-- [ RunTime:0.000000s ]

[ 2016-07-13T19:15:15+08:00 ] ::1 /storeshop3/index.php/Admin/Node/index
INFO: [ app_begin ] --START--
INFO: Run Behavior\ReadHtmlCacheBehavior [ RunTime:0.000000s ]
INFO: [ app_begin ] --END-- [ RunTime:0.000000s ]
SQL: SHOW COLUMNS FROM `lamp_node` [ RunTime:0.0000s ]
SQL: SHOW COLUMNS FROM `lamp_node` [ RunTime:0.0000s ]
SQL: SELECT COUNT(*) AS tp_count FROM `lamp_node` LIMIT 1   [ RunTime:0.0000s ]
SQL: SELECT * FROM `lamp_node` ORDER BY id desc LIMIT 10,10   [ RunTime:0.0000s ]
NOTIC: [8] Undefined variable: search C:\wamp\www\storeshop3\App\Admin\Controller\CommonController.class.php 第 259 行.
NOTIC: [8] Undefined index: values C:\wamp\www\storeshop3\App\Admin\Controller\CommonController.class.php 第 260 行.
INFO: [ view_parse ] --START--
INFO: [ template_filter ] --START--
INFO: Run Behavior\ContentReplaceBehavior [ RunTime:0.000000s ]
INFO: [ template_filter ] --END-- [ RunTime:0.000000s ]
NOTIC: [8] Use of undefined constant status - assumed 'status' C:\wamp\www\storeshop3\App\Runtime\Cache\Admin\f5d9020a722c182cb3cb2a19ed19b4d3.php 第 51 行.
NOTIC: [8] Array to string conversion C:\wamp\www\storeshop3\App\Runtime\Cache\Admin\f5d9020a722c182cb3cb2a19ed19b4d3.php 第 51 行.
NOTIC: [8] Use of undefined constant status - assumed 'status' C:\wamp\www\storeshop3\App\Runtime\Cache\Admin\f5d9020a722c182cb3cb2a19ed19b4d3.php 第 51 行.
NOTIC: [8] Array to string conversion C:\wamp\www\storeshop3\App\Runtime\Cache\Admin\f5d9020a722c182cb3cb2a19ed19b4d3.php 第 51 行.
NOTIC: [8] Use of undefined constant status - assumed 'status' C:\wamp\www\storeshop3\App\Runtime\Cache\Admin\f5d9020a722c182cb3cb2a19ed19b4d3.php 第 51 行.
NOTIC: [8] Array to string conversion C:\wamp\www\storeshop3\App\Runtime\Cache\Admin\f5d9020a722c182cb3cb2a19ed19b4d3.php 第 51 行.
NOTIC: [8] Use of undefined constant status - assumed 'status' C:\wamp\www\storeshop3\App\Runtime\Cache\Admin\f5d9020a722c182cb3cb2a19ed19b4d3.php 第 51 行.
NOTIC: [8] Array to string conversion C:\wamp\www\storeshop3\App\Runtime\Cache\Admin\f5d9020a722c182cb3cb2a19ed19b4d3.php 第 51 行.
NOTIC: [8] Use of undefined constant status - assumed 'status' C:\wamp\www\storeshop3\App\Runtime\Cache\Admin\f5d9020a722c182cb3cb2a19ed19b4d3.php 第 51 行.
NOTIC: [8] Array to string conversion C:\wamp\www\storeshop3\App\Runtime\Cache\Admin\f5d9020a722c182cb3cb2a19ed19b4d3.php 第 51 行.
NOTIC: [8] Use of undefined constant status - assumed 'status' C:\wamp\www\storeshop3\App\Runtime\Cache\Admin\f5d9020a722c182cb3cb2a19ed19b4d3.php 第 51 行.
NOTIC: [8] Array to string conversion C:\wamp\www\storeshop3\App\Runtime\Cache\Admin\f5d9020a722c182cb3cb2a19ed19b4d3.php 第 51 行.
INFO: Run Behavior\ParseTemplateBehavior [ RunTime:0.015600s ]
INFO: [ view_parse ] --END-- [ RunTime:0.015600s ]
INFO: [ view_filter ] --START--
INFO: Run Behavior\WriteHtmlCacheBehavior [ RunTime:0.000000s ]
INFO: [ view_filter ] --END-- [ RunTime:0.015600s ]
INFO: [ app_end ] --START--
INFO: Run Behavior\ShowPageTraceBehavior [ RunTime:0.000000s ]
INFO: [ app_end ] --END-- [ RunTime:0.000000s ]

[ 2016-07-13T19:15:20+08:00 ] ::1 /storeshop3/index.php/Admin/Node/index
INFO: [ app_begin ] --START--
INFO: Run Behavior\ReadHtmlCacheBehavior [ RunTime:0.000000s ]
INFO: [ app_begin ] --END-- [ RunTime:0.000000s ]
SQL: SHOW COLUMNS FROM `lamp_node` [ RunTime:0.0000s ]
SQL: SHOW COLUMNS FROM `lamp_node` [ RunTime:0.0000s ]
SQL: SELECT COUNT(*) AS tp_count FROM `lamp_node` LIMIT 1   [ RunTime:0.0000s ]
SQL: SELECT * FROM `lamp_node` ORDER BY id desc LIMIT 0,10   [ RunTime:0.0000s ]
NOTIC: [8] Undefined variable: search C:\wamp\www\storeshop3\App\Admin\Controller\CommonController.class.php 第 259 行.
NOTIC: [8] Undefined index: values C:\wamp\www\storeshop3\App\Admin\Controller\CommonController.class.php 第 260 行.
INFO: [ view_parse ] --START--
INFO: [ template_filter ] --START--
INFO: Run Behavior\ContentReplaceBehavior [ RunTime:0.000000s ]
INFO: [ template_filter ] --END-- [ RunTime:0.000000s ]
NOTIC: [8] Use of undefined constant status - assumed 'status' C:\wamp\www\storeshop3\App\Runtime\Cache\Admin\f5d9020a722c182cb3cb2a19ed19b4d3.php 第 51 行.
NOTIC: [8] Array to string conversion C:\wamp\www\storeshop3\App\Runtime\Cache\Admin\f5d9020a722c182cb3cb2a19ed19b4d3.php 第 51 行.
NOTIC: [8] Use of undefined constant status - assumed 'status' C:\wamp\www\storeshop3\App\Runtime\Cache\Admin\f5d9020a722c182cb3cb2a19ed19b4d3.php 第 51 行.
NOTIC: [8] Array to string conversion C:\wamp\www\storeshop3\App\Runtime\Cache\Admin\f5d9020a722c182cb3cb2a19ed19b4d3.php 第 51 行.
NOTIC: [8] Use of undefined constant status - assumed 'status' C:\wamp\www\storeshop3\App\Runtime\Cache\Admin\f5d9020a722c182cb3cb2a19ed19b4d3.php 第 51 行.
NOTIC: [8] Array to string conversion C:\wamp\www\storeshop3\App\Runtime\Cache\Admin\f5d9020a722c182cb3cb2a19ed19b4d3.php 第 51 行.
NOTIC: [8] Use of undefined constant status - assumed 'status' C:\wamp\www\storeshop3\App\Runtime\Cache\Admin\f5d9020a722c182cb3cb2a19ed19b4d3.php 第 51 行.
NOTIC: [8] Array to string conversion C:\wamp\www\storeshop3\App\Runtime\Cache\Admin\f5d9020a722c182cb3cb2a19ed19b4d3.php 第 51 行.
NOTIC: [8] Use of undefined constant status - assumed 'status' C:\wamp\www\storeshop3\App\Runtime\Cache\Admin\f5d9020a722c182cb3cb2a19ed19b4d3.php 第 51 行.
NOTIC: [8] Array to string conversion C:\wamp\www\storeshop3\App\Runtime\Cache\Admin\f5d9020a722c182cb3cb2a19ed19b4d3.php 第 51 行.
NOTIC: [8] Use of undefined constant status - assumed 'status' C:\wamp\www\storeshop3\App\Runtime\Cache\Admin\f5d9020a722c182cb3cb2a19ed19b4d3.php 第 51 行.
NOTIC: [8] Array to string conversion C:\wamp\www\storeshop3\App\Runtime\Cache\Admin\f5d9020a722c182cb3cb2a19ed19b4d3.php 第 51 行.
NOTIC: [8] Use of undefined constant status - assumed 'status' C:\wamp\www\storeshop3\App\Runtime\Cache\Admin\f5d9020a722c182cb3cb2a19ed19b4d3.php 第 51 行.
NOTIC: [8] Array to string conversion C:\wamp\www\storeshop3\App\Runtime\Cache\Admin\f5d9020a722c182cb3cb2a19ed19b4d3.php 第 51 行.
NOTIC: [8] Use of undefined constant status - assumed 'status' C:\wamp\www\storeshop3\App\Runtime\Cache\Admin\f5d9020a722c182cb3cb2a19ed19b4d3.php 第 51 行.
NOTIC: [8] Array to string conversion C:\wamp\www\storeshop3\App\Runtime\Cache\Admin\f5d9020a722c182cb3cb2a19ed19b4d3.php 第 51 行.
NOTIC: [8] Use of undefined constant status - assumed 'status' C:\wamp\www\storeshop3\App\Runtime\Cache\Admin\f5d9020a722c182cb3cb2a19ed19b4d3.php 第 51 行.
NOTIC: [8] Array to string conversion C:\wamp\www\storeshop3\App\Runtime\Cache\Admin\f5d9020a722c182cb3cb2a19ed19b4d3.php 第 51 行.
NOTIC: [8] Use of undefined constant status - assumed 'status' C:\wamp\www\storeshop3\App\Runtime\Cache\Admin\f5d9020a722c182cb3cb2a19ed19b4d3.php 第 51 行.
NOTIC: [8] Array to string conversion C:\wamp\www\storeshop3\App\Runtime\Cache\Admin\f5d9020a722c182cb3cb2a19ed19b4d3.php 第 51 行.
INFO: Run Behavior\ParseTemplateBehavior [ RunTime:0.031200s ]
INFO: [ view_parse ] --END-- [ RunTime:0.031200s ]
INFO: [ view_filter ] --START--
INFO: Run Behavior\WriteHtmlCacheBehavior [ RunTime:0.000000s ]
INFO: [ view_filter ] --END-- [ RunTime:0.000000s ]
INFO: [ app_end ] --START--
INFO: Run Behavior\ShowPageTraceBehavior [ RunTime:0.000000s ]
INFO: [ app_end ] --END-- [ RunTime:0.000000s ]

[ 2016-07-13T19:15:28+08:00 ] ::1 /storeshop3/index.php/Admin/User/index?_=1468408528715
INFO: [ app_begin ] --START--
INFO: Run Behavior\ReadHtmlCacheBehavior [ RunTime:0.000000s ]
INFO: [ app_begin ] --END-- [ RunTime:0.000000s ]
SQL: SHOW COLUMNS FROM `lamp_user` [ RunTime:0.0000s ]
SQL: SHOW COLUMNS FROM `lamp_user` [ RunTime:0.0000s ]
SQL: SELECT COUNT(*) AS tp_count FROM `lamp_user` LIMIT 1   [ RunTime:0.0000s ]
SQL: SELECT * FROM `lamp_user` ORDER BY id desc LIMIT 0,10   [ RunTime:0.0000s ]
SQL: select r.name from lamp_user_role ur,lamp_role r where ur.rid=r.id and ur.uid=33 [ RunTime:0.0000s ]
SQL: select r.name from lamp_user_role ur,lamp_role r where ur.rid=r.id and ur.uid=32 [ RunTime:0.0000s ]
SQL: select r.name from lamp_user_role ur,lamp_role r where ur.rid=r.id and ur.uid=31 [ RunTime:0.0000s ]
SQL: select r.name from lamp_user_role ur,lamp_role r where ur.rid=r.id and ur.uid=30 [ RunTime:0.0000s ]
SQL: select r.name from lamp_user_role ur,lamp_role r where ur.rid=r.id and ur.uid=29 [ RunTime:0.0000s ]
SQL: select r.name from lamp_user_role ur,lamp_role r where ur.rid=r.id and ur.uid=28 [ RunTime:0.0000s ]
SQL: select r.name from lamp_user_role ur,lamp_role r where ur.rid=r.id and ur.uid=26 [ RunTime:0.0000s ]
SQL: select r.name from lamp_user_role ur,lamp_role r where ur.rid=r.id and ur.uid=25 [ RunTime:0.0000s ]
SQL: select r.name from lamp_user_role ur,lamp_role r where ur.rid=r.id and ur.uid=24 [ RunTime:0.0156s ]
SQL: select r.name from lamp_user_role ur,lamp_role r where ur.rid=r.id and ur.uid=22 [ RunTime:0.0000s ]
SQL: SHOW COLUMNS FROM `lamp_role` [ RunTime:0.0000s ]
SQL: SELECT `id`,`name` FROM `lamp_role`  [ RunTime:0.0000s ]
NOTIC: [8] Undefined variable: search C:\wamp\www\storeshop3\App\Admin\Controller\CommonController.class.php 第 259 行.
NOTIC: [8] Undefined index: values C:\wamp\www\storeshop3\App\Admin\Controller\CommonController.class.php 第 260 行.
INFO: [ view_parse ] --START--
INFO: [ template_filter ] --START--
INFO: Run Behavior\ContentReplaceBehavior [ RunTime:0.000000s ]
INFO: [ template_filter ] --END-- [ RunTime:0.000000s ]
NOTIC: [8] Undefined index: _order C:\wamp\www\storeshop3\App\Runtime\Cache\Admin\4295d5db477f3199c8db51638416159f.php 第 4 行.
NOTIC: [8] Undefined index: _sort C:\wamp\www\storeshop3\App\Runtime\Cache\Admin\4295d5db477f3199c8db51638416159f.php 第 5 行.
NOTIC: [8] Undefined index: keyword C:\wamp\www\storeshop3\App\Runtime\Cache\Admin\4295d5db477f3199c8db51638416159f.php 第 14 行.
INFO: Run Behavior\ParseTemplateBehavior [ RunTime:0.031200s ]
INFO: [ view_parse ] --END-- [ RunTime:0.031200s ]
INFO: [ view_filter ] --START--
INFO: Run Behavior\WriteHtmlCacheBehavior [ RunTime:0.000000s ]
INFO: [ view_filter ] --END-- [ RunTime:0.000000s ]
INFO: [ app_end ] --START--
INFO: Run Behavior\ShowPageTraceBehavior [ RunTime:0.000000s ]
INFO: [ app_end ] --END-- [ RunTime:0.000000s ]

[ 2016-07-13T19:15:30+08:00 ] ::1 /storeshop3/index.php/Admin/User/add?_=1468408530214
INFO: [ app_begin ] --START--
INFO: Run Behavior\ReadHtmlCacheBehavior [ RunTime:0.015600s ]
INFO: [ app_begin ] --END-- [ RunTime:0.015600s ]
INFO: [ view_parse ] --START--
INFO: [ template_filter ] --START--
INFO: Run Behavior\ContentReplaceBehavior [ RunTime:0.000000s ]
INFO: [ template_filter ] --END-- [ RunTime:0.000000s ]
INFO: Run Behavior\ParseTemplateBehavior [ RunTime:0.015600s ]
INFO: [ view_parse ] --END-- [ RunTime:0.015600s ]
INFO: [ view_filter ] --START--
INFO: Run Behavior\WriteHtmlCacheBehavior [ RunTime:0.000000s ]
INFO: [ view_filter ] --END-- [ RunTime:0.000000s ]
INFO: [ app_end ] --START--
INFO: Run Behavior\ShowPageTraceBehavior [ RunTime:0.000000s ]
INFO: [ app_end ] --END-- [ RunTime:0.000000s ]

[ 2016-07-13T19:15:36+08:00 ] ::1 /storeshop3/index.php/Admin/Type/index?_=1468408536357
INFO: [ app_begin ] --START--
INFO: Run Behavior\ReadHtmlCacheBehavior [ RunTime:0.000000s ]
INFO: [ app_begin ] --END-- [ RunTime:0.000000s ]
ERR: 1146:Table 'lamp87.lamp_type' doesn't exist
 [ SQL语句 ] : SHOW COLUMNS FROM `lamp_type`
ERR: 1146:Table 'lamp87.lamp_type' doesn't exist
 [ SQL语句 ] : SHOW COLUMNS FROM `lamp_type`

[ 2016-07-13T19:28:03+08:00 ] ::1 /storeshop3/index.php/Admin/Type/index?_=1468409283461
INFO: [ app_begin ] --START--
INFO: Run Behavior\ReadHtmlCacheBehavior [ RunTime:0.000000s ]
INFO: [ app_begin ] --END-- [ RunTime:0.000000s ]
ERR: 1146:Table 'lamp87.lamp_type' doesn't exist
 [ SQL语句 ] : SHOW COLUMNS FROM `lamp_type`
ERR: 1146:Table 'lamp87.lamp_type' doesn't exist
 [ SQL语句 ] : SHOW COLUMNS FROM `lamp_type`

[ 2016-07-13T19:28:07+08:00 ] ::1 /storeshop3/index.php/Admin/Demo/add?_=1468409287850
INFO: [ app_begin ] --START--
INFO: Run Behavior\ReadHtmlCacheBehavior [ RunTime:0.000000s ]
INFO: [ app_begin ] --END-- [ RunTime:0.000000s ]
INFO: [ view_parse ] --START--
INFO: [ template_filter ] --START--
INFO: Run Behavior\ContentReplaceBehavior [ RunTime:0.000000s ]
INFO: [ template_filter ] --END-- [ RunTime:0.000000s ]
INFO: Run Behavior\ParseTemplateBehavior [ RunTime:0.062400s ]
INFO: [ view_parse ] --END-- [ RunTime:0.062400s ]
INFO: [ view_filter ] --START--
INFO: Run Behavior\WriteHtmlCacheBehavior [ RunTime:0.000000s ]
INFO: [ view_filter ] --END-- [ RunTime:0.000000s ]
INFO: [ app_end ] --START--
INFO: Run Behavior\ShowPageTraceBehavior [ RunTime:0.000000s ]
INFO: [ app_end ] --END-- [ RunTime:0.000000s ]

[ 2016-07-13T19:29:54+08:00 ] ::1 /storeshop3/index.php/Admin/Demo/doUp/navTabId/listnode/callbackType/closeCurrent
INFO: [ app_begin ] --START--
INFO: Run Behavior\ReadHtmlCacheBehavior [ RunTime:0.000000s ]
INFO: [ app_begin ] --END-- [ RunTime:0.000000s ]
NOTIC: [2] call_user_func() expects parameter 1 to be a valid callback, no array or string given C:\wamp\www\storeshop3\ThinkPHP\Library\Think\Upload.class.php 第 170 行.
NOTIC: [8] Undefined index: forwardUrl C:\wamp\www\storeshop3\ThinkPHP\Library\Think\Controller.class.php 第 220 行.

[ 2016-07-13T19:29:54+08:00 ] ::1 /storeshop3/index.php/Admin/Node/index
INFO: [ app_begin ] --START--
INFO: Run Behavior\ReadHtmlCacheBehavior [ RunTime:0.000000s ]
INFO: [ app_begin ] --END-- [ RunTime:0.000000s ]
SQL: SHOW COLUMNS FROM `lamp_node` [ RunTime:0.0156s ]
SQL: SHOW COLUMNS FROM `lamp_node` [ RunTime:0.0000s ]
SQL: SELECT COUNT(*) AS tp_count FROM `lamp_node` LIMIT 1   [ RunTime:0.0000s ]
SQL: SELECT * FROM `lamp_node` ORDER BY id desc LIMIT 0,10   [ RunTime:0.0000s ]
NOTIC: [8] Undefined variable: search C:\wamp\www\storeshop3\App\Admin\Controller\CommonController.class.php 第 259 行.
NOTIC: [8] Undefined index: values C:\wamp\www\storeshop3\App\Admin\Controller\CommonController.class.php 第 260 行.
INFO: [ view_parse ] --START--
INFO: [ template_filter ] --START--
INFO: Run Behavior\ContentReplaceBehavior [ RunTime:0.000000s ]
INFO: [ template_filter ] --END-- [ RunTime:0.000000s ]
NOTIC: [8] Use of undefined constant status - assumed 'status' C:\wamp\www\storeshop3\App\Runtime\Cache\Admin\f5d9020a722c182cb3cb2a19ed19b4d3.php 第 51 行.
NOTIC: [8] Array to string conversion C:\wamp\www\storeshop3\App\Runtime\Cache\Admin\f5d9020a722c182cb3cb2a19ed19b4d3.php 第 51 行.
NOTIC: [8] Use of undefined constant status - assumed 'status' C:\wamp\www\storeshop3\App\Runtime\Cache\Admin\f5d9020a722c182cb3cb2a19ed19b4d3.php 第 51 行.
NOTIC: [8] Array to string conversion C:\wamp\www\storeshop3\App\Runtime\Cache\Admin\f5d9020a722c182cb3cb2a19ed19b4d3.php 第 51 行.
NOTIC: [8] Use of undefined constant status - assumed 'status' C:\wamp\www\storeshop3\App\Runtime\Cache\Admin\f5d9020a722c182cb3cb2a19ed19b4d3.php 第 51 行.
NOTIC: [8] Array to string conversion C:\wamp\www\storeshop3\App\Runtime\Cache\Admin\f5d9020a722c182cb3cb2a19ed19b4d3.php 第 51 行.
NOTIC: [8] Use of undefined constant status - assumed 'status' C:\wamp\www\storeshop3\App\Runtime\Cache\Admin\f5d9020a722c182cb3cb2a19ed19b4d3.php 第 51 行.
NOTIC: [8] Array to string conversion C:\wamp\www\storeshop3\App\Runtime\Cache\Admin\f5d9020a722c182cb3cb2a19ed19b4d3.php 第 51 行.
NOTIC: [8] Use of undefined constant status - assumed 'status' C:\wamp\www\storeshop3\App\Runtime\Cache\Admin\f5d9020a722c182cb3cb2a19ed19b4d3.php 第 51 行.
NOTIC: [8] Array to string conversion C:\wamp\www\storeshop3\App\Runtime\Cache\Admin\f5d9020a722c182cb3cb2a19ed19b4d3.php 第 51 行.
NOTIC: [8] Use of undefined constant status - assumed 'status' C:\wamp\www\storeshop3\App\Runtime\Cache\Admin\f5d9020a722c182cb3cb2a19ed19b4d3.php 第 51 行.
NOTIC: [8] Array to string conversion C:\wamp\www\storeshop3\App\Runtime\Cache\Admin\f5d9020a722c182cb3cb2a19ed19b4d3.php 第 51 行.
NOTIC: [8] Use of undefined constant status - assumed 'status' C:\wamp\www\storeshop3\App\Runtime\Cache\Admin\f5d9020a722c182cb3cb2a19ed19b4d3.php 第 51 行.
NOTIC: [8] Array to string conversion C:\wamp\www\storeshop3\App\Runtime\Cache\Admin\f5d9020a722c182cb3cb2a19ed19b4d3.php 第 51 行.
NOTIC: [8] Use of undefined constant status - assumed 'status' C:\wamp\www\storeshop3\App\Runtime\Cache\Admin\f5d9020a722c182cb3cb2a19ed19b4d3.php 第 51 行.
NOTIC: [8] Array to string conversion C:\wamp\www\storeshop3\App\Runtime\Cache\Admin\f5d9020a722c182cb3cb2a19ed19b4d3.php 第 51 行.
NOTIC: [8] Use of undefined constant status - assumed 'status' C:\wamp\www\storeshop3\App\Runtime\Cache\Admin\f5d9020a722c182cb3cb2a19ed19b4d3.php 第 51 行.
NOTIC: [8] Array to string conversion C:\wamp\www\storeshop3\App\Runtime\Cache\Admin\f5d9020a722c182cb3cb2a19ed19b4d3.php 第 51 行.
NOTIC: [8] Use of undefined constant status - assumed 'status' C:\wamp\www\storeshop3\App\Runtime\Cache\Admin\f5d9020a722c182cb3cb2a19ed19b4d3.php 第 51 行.
NOTIC: [8] Array to string conversion C:\wamp\www\storeshop3\App\Runtime\Cache\Admin\f5d9020a722c182cb3cb2a19ed19b4d3.php 第 51 行.
INFO: Run Behavior\ParseTemplateBehavior [ RunTime:0.031200s ]
INFO: [ view_parse ] --END-- [ RunTime:0.031200s ]
INFO: [ view_filter ] --START--
INFO: Run Behavior\WriteHtmlCacheBehavior [ RunTime:0.000000s ]
INFO: [ view_filter ] --END-- [ RunTime:0.000000s ]
INFO: [ app_end ] --START--
INFO: Run Behavior\ShowPageTraceBehavior [ RunTime:0.000000s ]
INFO: [ app_end ] --END-- [ RunTime:0.000000s ]

