[ 2016-07-07T20:19:11+08:00 ] ::1 /7-4/index.php/__MODULE__/Login/login.html
INFO: [ app_init ] --START--
INFO: Run Behavior\BuildLiteBehavior [ RunTime:0.000000s ]
INFO: [ app_init ] --END-- [ RunTime:0.001000s ]
ERR: 无法加载模块:__MODULE__

[ 2016-07-07T20:19:13+08:00 ] ::1 /7-4/index.php/__MODULE__/Login/login.html
INFO: [ app_init ] --START--
INFO: Run Behavior\BuildLiteBehavior [ RunTime:0.000000s ]
INFO: [ app_init ] --END-- [ RunTime:0.000000s ]
ERR: 无法加载模块:__MODULE__

[ 2016-07-07T20:19:14+08:00 ] ::1 /7-4/index.php/__MODULE__/Login/login.html
INFO: [ app_init ] --START--
INFO: Run Behavior\BuildLiteBehavior [ RunTime:0.000000s ]
INFO: [ app_init ] --END-- [ RunTime:0.001000s ]
ERR: 无法加载模块:__MODULE__

[ 2016-07-07T20:19:15+08:00 ] ::1 /7-4/index.php/__MODULE__/Login/login.html
INFO: [ app_init ] --START--
INFO: Run Behavior\BuildLiteBehavior [ RunTime:0.001001s ]
INFO: [ app_init ] --END-- [ RunTime:0.001001s ]
ERR: 无法加载模块:__MODULE__

[ 2016-07-07T20:19:15+08:00 ] ::1 /7-4/index.php/__MODULE__/Login/login.html
INFO: [ app_init ] --START--
INFO: Run Behavior\BuildLiteBehavior [ RunTime:0.001000s ]
INFO: [ app_init ] --END-- [ RunTime:0.001000s ]
ERR: 无法加载模块:__MODULE__

[ 2016-07-07T20:19:15+08:00 ] ::1 /7-4/index.php/__MODULE__/Login/login.html
INFO: [ app_init ] --START--
INFO: Run Behavior\BuildLiteBehavior [ RunTime:0.000000s ]
INFO: [ app_init ] --END-- [ RunTime:0.002001s ]
ERR: 无法加载模块:__MODULE__

[ 2016-07-07T20:19:15+08:00 ] ::1 /7-4/index.php/__MODULE__/Login/login.html
INFO: [ app_init ] --START--
INFO: Run Behavior\BuildLiteBehavior [ RunTime:0.000000s ]
INFO: [ app_init ] --END-- [ RunTime:0.001000s ]
ERR: 无法加载模块:__MODULE__

[ 2016-07-07T20:19:15+08:00 ] ::1 /7-4/index.php/__MODULE__/Login/login.html
INFO: [ app_init ] --START--
INFO: Run Behavior\BuildLiteBehavior [ RunTime:0.000000s ]
INFO: [ app_init ] --END-- [ RunTime:0.001000s ]
ERR: 无法加载模块:__MODULE__

[ 2016-07-07T20:19:33+08:00 ] ::1 /7-4/index.php/__MODULE__/Login/login.html
INFO: [ app_init ] --START--
INFO: Run Behavior\BuildLiteBehavior [ RunTime:0.000000s ]
INFO: [ app_init ] --END-- [ RunTime:0.001000s ]
ERR: 无法加载模块:__MODULE__

[ 2016-07-07T20:19:34+08:00 ] ::1 /7-4/index.php/__MODULE__/Login/login.html
INFO: [ app_init ] --START--
INFO: Run Behavior\BuildLiteBehavior [ RunTime:0.000000s ]
INFO: [ app_init ] --END-- [ RunTime:0.001000s ]
ERR: 无法加载模块:__MODULE__

[ 2016-07-07T20:19:35+08:00 ] ::1 /7-4/index.php/__MODULE__/Login/login.html
INFO: [ app_init ] --START--
INFO: Run Behavior\BuildLiteBehavior [ RunTime:0.000000s ]
INFO: [ app_init ] --END-- [ RunTime:0.015600s ]
ERR: 无法加载模块:__MODULE__

[ 2016-07-07T20:19:35+08:00 ] ::1 /7-4/index.php/__MODULE__/Login/login.html
INFO: [ app_init ] --START--
INFO: Run Behavior\BuildLiteBehavior [ RunTime:0.000000s ]
INFO: [ app_init ] --END-- [ RunTime:0.001000s ]
ERR: 无法加载模块:__MODULE__

[ 2016-07-07T20:19:35+08:00 ] ::1 /7-4/index.php/__MODULE__/Login/login.html
INFO: [ app_init ] --START--
INFO: Run Behavior\BuildLiteBehavior [ RunTime:0.000000s ]
INFO: [ app_init ] --END-- [ RunTime:0.001000s ]
ERR: 无法加载模块:__MODULE__

[ 2016-07-07T20:19:35+08:00 ] ::1 /7-4/index.php/__MODULE__/Login/login.html
INFO: [ app_init ] --START--
INFO: Run Behavior\BuildLiteBehavior [ RunTime:0.000000s ]
INFO: [ app_init ] --END-- [ RunTime:0.001000s ]
ERR: 无法加载模块:__MODULE__

[ 2016-07-07T20:19:35+08:00 ] ::1 /7-4/index.php/__MODULE__/Login/login.html
INFO: [ app_init ] --START--
INFO: Run Behavior\BuildLiteBehavior [ RunTime:0.000000s ]
INFO: [ app_init ] --END-- [ RunTime:0.001000s ]
ERR: 无法加载模块:__MODULE__

